<?xml version="1.0" encoding="UTF-8"?>
<!-- Generated by org.testng.reporters.JUnitXMLReporter -->
<testsuite ignored="0" hostname="DESKTOP-8SKARJ9" failures="0" tests="2" name="Default test" time="43.562" errors="0" timestamp="2022-05-22T14:02:43 IST">
  <testcase classname="com.movies.qa.testcase.MovieDataTest" name="test_WhenComparedTheCountryOfTheMovie_OnBothWebsites_ShouldBeSame" time="16.631"/>
  <testcase classname="com.movies.qa.testcase.MovieDataTest" name="test_WhenComparedTheReleaseDateOfTheMovie_OnBothWebsites_ShouldBeSame" time="21.878"/>
</testsuite> <!-- Default test -->
