<?xml version="1.0" encoding="UTF-8"?>
<!-- Generated by org.testng.reporters.JUnitXMLReporter -->
<testsuite ignored="0" hostname="DESKTOP-8SKARJ9" failures="0" tests="2" name="TestSuite" time="47.462" errors="0" timestamp="2022-05-22T15:29:22 IST">
  <testcase classname="com.movies.qa.testcase.MovieDataTest" name="test_WhenComparedTheCountryOfTheMovie_OnBothWebsites_ShouldBeSame" time="19.458"/>
  <testcase classname="com.movies.qa.testcase.MovieDataTest" name="test_WhenComparedTheReleaseDateOfTheMovie_OnBothWebsites_ShouldBeSame" time="22.324"/>
</testsuite> <!-- TestSuite -->
