<?xml version="1.0" encoding="UTF-8"?>
<!-- Generated by org.testng.reporters.JUnitXMLReporter -->
<testsuite ignored="0" hostname="DESKTOP-8SKARJ9" failures="0" tests="2" name="TestSuite" time="43.55" errors="0" timestamp="2022-05-22T14:55:34 IST">
  <testcase classname="com.movies.qa.testcase.MovieDataTest" name="test_WhenComparedTheCountryOfTheMovie_OnBothWebsites_ShouldBeSame" time="17.743"/>
  <testcase classname="com.movies.qa.testcase.MovieDataTest" name="test_WhenComparedTheReleaseDateOfTheMovie_OnBothWebsites_ShouldBeSame" time="20.57"/>
</testsuite> <!-- TestSuite -->
