<?xml version="1.0" encoding="UTF-8"?>
<testng-results ignored="0" total="2" passed="2" failed="0" skipped="0">
  <reporter-output>
  </reporter-output>
  <suite started-at="2022-05-22T15:28:34 IST" name="Suite" finished-at="2022-05-22T15:29:22 IST" duration-ms="47462">
    <groups>
    </groups>
    <test started-at="2022-05-22T15:28:34 IST" name="TestSuite" finished-at="2022-05-22T15:29:22 IST" duration-ms="47462">
      <class name="com.movies.qa.testcase.MovieDataTest">
        <test-method is-config="true" signature="setUp()[pri:0, instance:com.movies.qa.testcase.MovieDataTest@6e15fe2]" started-at="2022-05-22T15:28:34 IST" name="setUp" finished-at="2022-05-22T15:28:37 IST" duration-ms="2828" status="PASS">
          <reporter-output>
          </reporter-output>
        </test-method> <!-- setUp -->
        <test-method signature="test_WhenComparedTheCountryOfTheMovie_OnBothWebsites_ShouldBeSame()[pri:1, instance:com.movies.qa.testcase.MovieDataTest@6e15fe2]" started-at="2022-05-22T15:28:37 IST" name="test_WhenComparedTheCountryOfTheMovie_OnBothWebsites_ShouldBeSame" description="Verifying if the County of Origin is Same on both Websites" finished-at="2022-05-22T15:28:57 IST" duration-ms="19458" status="PASS">
          <reporter-output>
          </reporter-output>
        </test-method> <!-- test_WhenComparedTheCountryOfTheMovie_OnBothWebsites_ShouldBeSame -->
        <test-method is-config="true" signature="tearDown()[pri:0, instance:com.movies.qa.testcase.MovieDataTest@6e15fe2]" started-at="2022-05-22T15:28:57 IST" name="tearDown" finished-at="2022-05-22T15:28:57 IST" duration-ms="446" status="PASS">
          <reporter-output>
          </reporter-output>
        </test-method> <!-- tearDown -->
        <test-method is-config="true" signature="setUp()[pri:0, instance:com.movies.qa.testcase.MovieDataTest@6e15fe2]" started-at="2022-05-22T15:28:57 IST" name="setUp" finished-at="2022-05-22T15:28:59 IST" duration-ms="1742" status="PASS">
          <reporter-output>
          </reporter-output>
        </test-method> <!-- setUp -->
        <test-method signature="test_WhenComparedTheReleaseDateOfTheMovie_OnBothWebsites_ShouldBeSame()[pri:2, instance:com.movies.qa.testcase.MovieDataTest@6e15fe2]" started-at="2022-05-22T15:28:59 IST" name="test_WhenComparedTheReleaseDateOfTheMovie_OnBothWebsites_ShouldBeSame" description="Verifying if the Date Of release in India is same on both Websites" finished-at="2022-05-22T15:29:21 IST" duration-ms="22324" status="PASS">
          <reporter-output>
          </reporter-output>
        </test-method> <!-- test_WhenComparedTheReleaseDateOfTheMovie_OnBothWebsites_ShouldBeSame -->
        <test-method is-config="true" signature="tearDown()[pri:0, instance:com.movies.qa.testcase.MovieDataTest@6e15fe2]" started-at="2022-05-22T15:29:21 IST" name="tearDown" finished-at="2022-05-22T15:29:22 IST" duration-ms="409" status="PASS">
          <reporter-output>
          </reporter-output>
        </test-method> <!-- tearDown -->
      </class> <!-- com.movies.qa.testcase.MovieDataTest -->
    </test> <!-- TestSuite -->
  </suite> <!-- Suite -->
</testng-results>
